<?xml version="1.0" encoding="UTF-8"?>
<!-- Generated by org.testng.reporters.JUnitXMLReporter -->
<testsuite hostname="AAPCLW10-1670" ignored="0" name="Test" tests="4" failures="0" timestamp="19 May 2019 02:02:38 GMT" time="46.792" errors="0">
  <testcase name="tc001" time="29.635" classname="p1.MainMethod"/>
  <testcase name="tc002" time="1.189" classname="p1.MainMethod"/>
  <testcase name="tc003" time="7.396" classname="p1.MainMethod"/>
  <testcase name="tc004" time="7.896" classname="p1.MainMethod"/>
</testsuite> <!-- Test -->
